TN:
SF:src/routes.js
FNF:0
FNH:0
DA:1,0
DA:2,0
DA:3,0
DA:4,0
DA:5,0
DA:6,0
DA:7,0
DA:9,0
DA:14,0
DA:15,0
DA:16,0
DA:19,0
DA:20,0
DA:21,0
DA:23,0
LF:15
LH:0
BRF:0
BRH:0
end_of_record
TN:
SF:src/lib/auth/jwt.js
FN:23,(anonymous_0)
FN:46,(anonymous_1)
FNF:2
FNH:0
FNDA:0,(anonymous_0)
FNDA:0,(anonymous_1)
DA:1,0
DA:2,0
DA:4,0
DA:23,0
DA:24,0
DA:25,0
DA:46,0
DA:50,0
DA:55,0
DA:58,0
DA:65,0
DA:66,0
DA:70,0
LF:13
LH:0
BRF:0
BRH:0
end_of_record
TN:
SF:src/models/favorite.js
FN:3,(anonymous_0)
FN:10,(anonymous_1)
FNF:2
FNH:2
FNDA:3,(anonymous_0)
FNDA:3,(anonymous_1)
DA:2,3
DA:3,3
DA:11,3
DA:25,3
DA:47,3
LF:5
LH:5
BRF:0
BRH:0
end_of_record
TN:
SF:src/models/game.js
FN:3,(anonymous_0)
FN:10,(anonymous_1)
FNF:2
FNH:2
FNDA:3,(anonymous_0)
FNDA:3,(anonymous_1)
DA:2,3
DA:3,3
DA:11,3
DA:17,3
DA:42,3
LF:5
LH:5
BRF:0
BRH:0
end_of_record
TN:
SF:src/models/user.js
FN:3,(anonymous_0)
FN:10,(anonymous_1)
FN:42,(anonymous_2)
FNF:3
FNH:3
FNDA:3,(anonymous_0)
FNDA:3,(anonymous_1)
FNDA:29,(anonymous_2)
DA:2,3
DA:3,3
DA:11,3
DA:17,3
DA:43,29
DA:44,3
DA:57,3
LF:7
LH:7
BRDA:43,0,0,3
BRDA:43,0,1,26
BRDA:43,1,0,29
BRDA:43,1,1,28
BRDA:43,1,2,27
BRF:5
BRH:5
end_of_record
TN:
SF:src/routes/authentication.js
FN:11,(anonymous_0)
FN:55,(anonymous_1)
FNF:2
FNH:0
FNDA:0,(anonymous_0)
FNDA:0,(anonymous_1)
DA:1,0
DA:2,0
DA:3,0
DA:4,0
DA:5,0
DA:6,0
DA:8,0
DA:11,0
DA:12,0
DA:13,0
DA:14,0
DA:18,0
DA:19,0
DA:20,0
DA:21,0
DA:24,0
DA:25,0
DA:27,0
DA:33,0
DA:35,0
DA:36,0
DA:47,0
DA:48,0
DA:49,0
DA:55,0
DA:56,0
DA:57,0
DA:58,0
DA:60,0
DA:61,0
DA:62,0
DA:63,0
DA:66,0
DA:68,0
DA:69,0
DA:70,0
DA:71,0
DA:74,0
DA:76,0
DA:77,0
DA:84,0
DA:85,0
DA:86,0
DA:90,0
LF:44
LH:0
BRDA:18,0,0,0
BRDA:18,0,1,0
BRDA:60,1,0,0
BRDA:60,1,1,0
BRDA:68,2,0,0
BRDA:68,2,1,0
BRF:6
BRH:0
end_of_record
TN:
SF:src/routes/characters.js
FN:13,(anonymous_0)
FNF:1
FNH:0
FNDA:0,(anonymous_0)
DA:1,0
DA:3,0
DA:5,0
DA:13,0
DA:14,0
DA:17,0
LF:6
LH:0
BRF:0
BRH:0
end_of_record
TN:
SF:src/routes/favorites.js
FN:6,(anonymous_0)
FN:20,(anonymous_1)
FN:39,(anonymous_2)
FN:62,(anonymous_3)
FNF:4
FNH:0
FNDA:0,(anonymous_0)
FNDA:0,(anonymous_1)
FNDA:0,(anonymous_2)
FNDA:0,(anonymous_3)
DA:1,0
DA:3,0
DA:4,0
DA:6,0
DA:7,0
DA:8,0
DA:12,0
DA:13,0
DA:15,0
DA:16,0
DA:20,0
DA:21,0
DA:22,0
DA:28,0
DA:29,0
DA:31,0
DA:32,0
DA:34,0
DA:35,0
DA:39,0
DA:40,0
DA:41,0
DA:50,0
DA:54,0
DA:55,0
DA:57,0
DA:58,0
DA:62,0
DA:63,0
DA:64,0
DA:71,0
DA:72,0
DA:73,0
DA:74,0
DA:77,0
DA:79,0
DA:80,0
DA:84,0
LF:38
LH:0
BRDA:28,0,0,0
BRDA:28,0,1,0
BRDA:71,1,0,0
BRDA:71,1,1,0
BRF:4
BRH:0
end_of_record
TN:
SF:src/routes/scopeExample.js
FNF:0
FNH:0
LF:0
LH:0
BRF:0
BRH:0
end_of_record
TN:
SF:src/routes/users.js
FN:7,(anonymous_0)
FN:18,(anonymous_1)
FN:30,(anonymous_2)
FNF:3
FNH:0
FNDA:0,(anonymous_0)
FNDA:0,(anonymous_1)
FNDA:0,(anonymous_2)
DA:1,0
DA:3,0
DA:4,0
DA:5,0
DA:7,0
DA:8,0
DA:9,0
DA:10,0
DA:11,0
DA:13,0
DA:14,0
DA:18,0
DA:19,0
DA:21,0
DA:22,0
DA:23,0
DA:25,0
DA:26,0
DA:30,0
DA:31,0
DA:32,0
DA:37,0
DA:40,0
LF:23
LH:0
BRF:0
BRH:0
end_of_record
TN:
SF:src/tests/factories/favorite.factory.js
FN:3,createFavorite
FN:10,destroyFavorite
FN:16,findFavorite
FNF:3
FNH:3
FNDA:16,createFavorite
FNDA:1,destroyFavorite
FNDA:2,findFavorite
DA:1,3
DA:4,16
DA:11,1
DA:17,2
DA:20,3
LF:5
LH:5
BRF:0
BRH:0
end_of_record
TN:
SF:src/tests/factories/game.factory.js
FN:5,buildGame
FN:15,createGame
FN:19,destroyGame
FN:25,findGame
FNF:4
FNH:4
FNDA:19,buildGame
FNDA:19,createGame
FNDA:2,destroyGame
FNDA:2,findGame
DA:1,3
DA:3,3
DA:6,19
DA:16,19
DA:20,2
DA:26,2
DA:29,3
LF:7
LH:7
BRDA:5,0,0,0
BRDA:15,1,0,13
BRF:2
BRH:1
end_of_record
TN:
SF:src/tests/factories/user.factory.js
FN:5,buildUser
FN:14,createUser
FN:18,destroyUser
FN:24,findUser
FNF:4
FNH:4
FNDA:30,buildUser
FNDA:30,createUser
FNDA:2,destroyUser
FNDA:2,findUser
DA:1,3
DA:3,3
DA:6,30
DA:15,30
DA:19,2
DA:25,2
DA:28,3
LF:7
LH:7
BRDA:5,0,0,0
BRDA:14,1,0,18
BRF:2
BRH:1
end_of_record
TN:
SF:src/tests/helpers/db.js
FN:5,resetDatabase
FN:10,closeDatabase
FNF:2
FNH:2
FNDA:34,resetDatabase
FNDA:3,closeDatabase
DA:1,3
DA:6,34
DA:11,3
DA:14,3
LF:4
LH:4
BRF:0
BRH:0
end_of_record
